Arguments: 
  /Users/frankjia/.nvm/versions/node/v12.22.1/bin/node /usr/local/lib/node_modules/yarn/bin/yarn.js install

PATH: 
  /usr/local/Cellar/pyenv/1.2.27/libexec:/usr/local/Cellar/pyenv/1.2.27/plugins/python-build/bin:/Users/frankjia/bin:/usr/local/bin:/Users/frankjia/code/scripts:/Users/frankjia/.nvm/versions/node/v14.6.0/bin:/usr/local/Cellar/pyenv-virtualenv/1.1.5/shims:/Users/frankjia/.pyenv/shims:/Users/frankjia/.pyenv/shims:/Users/frankjia/bin:/usr/local/bin:/Users/frankjia/code/scripts:/usr/local/bin:/usr/bin:/bin:/usr/sbin:/sbin:/Library/Apple/usr/bin:/Users/frankjia/Library/Android/sdk/platform-tools:/Users/frankjia/code/fin/bin:/Users/frankjia/n/bin:/Users/frankjia/code/main/bin:/Applications/Visual Studio Code.app/Contents/Resources/app/bin:/usr/local/opt/fzf/bin:/Users/frankjia/code/main/bin:/Applications/Visual Studio Code.app/Contents/Resources/app/bin

Yarn version: 
  1.22.10

Node version: 
  12.22.1

Platform: 
  darwin x64

Trace: 
  Invariant Violation: could not find a copy of eslint to link in /Users/frankjia/Desktop/PersonalProgramming/mynt/mynt-sidechain/node_modules/eslint-config-lisk-base/node_modules
      at invariant (/usr/local/lib/node_modules/yarn/lib/cli.js:2314:15)
      at PackageLinker.<anonymous> (/usr/local/lib/node_modules/yarn/lib/cli.js:48717:7)
      at Generator.next (<anonymous>)
      at step (/usr/local/lib/node_modules/yarn/lib/cli.js:310:30)
      at /usr/local/lib/node_modules/yarn/lib/cli.js:321:13
      at runMicrotasks (<anonymous>)
      at processTicksAndRejections (internal/process/task_queues.js:97:5)

npm manifest: 
  {
  	"name": "mynt-sidechain",
  	"version": "0.1.0",
  	"description": "Lisk sidechain for Mynt",
  	"author": "Frank Jia",
  	"license": "ISC",
  	"keywords": [
  		"blockchain",
  		"lisk",
  		"nodejs",
  		"javascript",
  		"typescript"
  	],
  	"homepage": "",
  	"repository": {},
  	"engines": {
  		"node": ">=12.13.0 <=12",
  		"npm": ">=6.12.0"
  	},
  	"main": "dist/index.js",
  	"scripts": {
  		"lint": "eslint --ext .js,.ts .",
  		"lint:fix": "eslint --fix --ext .js,.ts .",
  		"format": "prettier --write '**/*'",
  		"prepack": "oclif-dev manifest && oclif-dev readme --multi --dir=docs/commands && npm shrinkwrap && npm prune --production && npm shrinkwrap",
  		"prebuild": "if test -d dist; then rm -r dist; fi; rm -f tsconfig.tsbuildinfo; rm -f npm-shrinkwrap.json",
  		"start": "echo Run \"./bin/run start\" to start the app",
  		"build": "tsc",
  		"test": "jest --passWithNoTests",
  		"test:coverage": "jest --passWithNoTests --coverage=true --coverage-reporters=text",
  		"test:ci": "jest --passWithNoTests --coverage=true --coverage-reporters=json --verbose",
  		"version": "oclif-dev readme --multi --dir=docs/commands && git add README.md docs",
  		"prepublishOnly": "npm ci && npm run lint && npm run build"
  	},
  	"bin": {
  		"mynt-sidechain": "./bin/run"
  	},
  	"lisk": {
  		"addressPrefix": "lsk"
  	},
  	"oclif": {
  		"bin": "mynt-sidechain",
  		"commands": "./dist/commands",
  		"plugins": [
  			"@oclif/plugin-autocomplete",
  			"@oclif/plugin-help"
  		],
  		"topics": {
  			"account": {
  				"description": "Commands relating to mynt-sidechain accounts."
  			},
  			"block": {
  				"description": "Commands relating to mynt-sidechain blocks."
  			},
  			"blockchain": {
  				"description": "Commands relating to mynt-sidechain blockchain data."
  			},
  			"console": {
  				"description": "mynt-sidechain interactive REPL session to run commands."
  			},
  			"config": {
  				"description": "Commands relating to mynt-sidechain node configuration."
  			},
  			"forger-info": {
  				"description": "Commands relating to mynt-sidechain forger-info data."
  			},
  			"forging": {
  				"description": "Commands relating to mynt-sidechain forging."
  			},
  			"hash-onion": {
  				"description": "Create hash onions to be used by the forger."
  			},
  			"node": {
  				"description": "Commands relating to mynt-sidechain node."
  			},
  			"passphrase": {
  				"description": "Commands relating to mynt-sidechain passphrases."
  			},
  			"sdk": {
  				"description": "Commands relating to Lisk SDK development."
  			},
  			"transaction": {
  				"description": "Commands relating to mynt-sidechain transactions."
  			}
  		}
  	},
  	"files": [
  		"/bin",
  		"/npm-shrinkwrap.json",
  		"/oclif.manifest.json",
  		"/dist",
  		"/config",
  		"/docs"
  	],
  	"husky": {
  		"hooks": {
  			"pre-commit": "lint-staged"
  		}
  	},
  	"dependencies": {
  		"@liskhq/lisk-framework-dashboard-plugin": "^0.1.1",
  		"@liskhq/lisk-framework-faucet-plugin": "^0.1.1",
  		"@oclif/command": "1.8.0",
  		"@oclif/plugin-autocomplete": "0.3.0",
  		"@oclif/plugin-help": "3.2.2",
  		"fs-extra": "9.0.1",
  		"inquirer": "7.3.2",
  		"lisk-commander": "^5.1.2",
  		"lisk-sdk": "^5.1.1",
  		"tar": "6.0.2",
  		"tslib": "1.13.0",
  		"axios": "0.21.1"
  	},
  	"devDependencies": {
  		"@oclif/dev-cli": "1.22.2",
  		"@oclif/config": "1.15.1",
  		"@types/fs-extra": "9.0.1",
  		"@types/node": "12.20.6",
  		"@types/tar": "4.0.3",
  		"@types/jest": "26.0.21",
  		"@types/jest-when": "2.7.2",
  		"@typescript-eslint/eslint-plugin": "4.19.0",
  		"@typescript-eslint/parser": "4.19.0",
  		"eslint": "7.29.0",
  		"eslint-config-lisk-base": "2.0.0",
  		"eslint-plugin-import": "2.22.1",
  		"eslint-plugin-jest": "24.3.2",
  		"globby": "10.0.2",
  		"husky": "4.2.5",
  		"jest": "26.6.3",
  		"jest-extended": "0.11.5",
  		"jest-when": "3.2.1",
  		"lint-staged": "10.2.11",
  		"prettier": "2.2.1",
  		"ts-jest": "26.5.4",
  		"ts-node": "9.1.1",
  		"typescript": "4.2.3"
  	}
  }

yarn manifest: 
  No manifest

Lockfile: 
  No lockfile
